2025/09/21 06:08:05.193833 ======================================
2025/09/21 06:08:05.193892 Hello, it's a me, snaked
2025/09/21 06:08:05.193896 Config: width=40, height=40, speed=8
2025/09/22 05:58:03.672888 ======================================
2025/09/22 05:58:03.672986 Hello, it's a me, snaked
2025/09/22 05:58:03.672993 Config: width=32, height=18, speed=8
2025/09/22 05:58:03.800342 tick, direction = up
2025/09/22 05:58:03.925697 tick, direction = up
2025/09/22 05:58:04.050810 tick, direction = up
2025/09/22 05:58:04.175237 tick, direction = up
2025/09/22 05:58:04.300235 tick, direction = up
2025/09/22 05:58:04.426712 tick, direction = up
2025/09/22 05:58:04.550446 tick, direction = up
2025/09/22 05:58:04.675519 tick, direction = up
2025/09/22 05:58:04.800831 tick, direction = up
2025/09/22 05:58:04.924822 tick, direction = up
2025/09/22 05:58:05.050603 tick, direction = up
2025/09/22 05:58:05.175853 tick, direction = up
2025/09/22 05:58:05.300628 tick, direction = up
2025/09/22 05:58:05.425302 tick, direction = up
2025/09/22 05:58:05.550724 tick, direction = up
2025/09/22 05:58:05.675777 tick, direction = up
2025/09/22 05:58:05.801030 tick, direction = up
2025/09/22 05:58:05.924732 tick, direction = up
2025/09/22 05:58:06.049894 tick, direction = up
2025/09/22 05:58:06.176106 tick, direction = up
2025/09/22 05:58:06.300299 tick, direction = up
2025/09/22 05:58:06.424801 tick, direction = up
2025/09/22 05:58:06.550552 tick, direction = up
2025/09/22 05:58:06.675103 tick, direction = up
2025/09/22 05:58:06.800323 tick, direction = up
2025/09/22 05:58:06.924953 tick, direction = up
2025/09/22 05:58:07.050742 tick, direction = up
2025/09/22 05:58:07.175477 tick, direction = up
2025/09/22 05:58:07.300185 tick, direction = up
2025/09/22 05:58:07.425308 tick, direction = up
2025/09/22 05:58:07.549843 tick, direction = up
2025/09/22 05:58:07.674740 tick, direction = up
2025/09/22 05:58:07.800711 tick, direction = up
2025/09/22 05:58:07.925110 tick, direction = up
2025/09/22 05:58:08.050739 tick, direction = up
2025/09/22 05:58:08.175462 tick, direction = up
2025/09/22 05:58:08.300790 tick, direction = up
2025/09/22 05:58:08.425549 tick, direction = up
2025/09/22 05:58:08.550025 tick, direction = up
2025/09/22 05:58:08.675273 tick, direction = up
2025/09/22 05:58:08.801312 tick, direction = up
2025/09/22 05:58:08.925695 tick, direction = up
2025/09/22 05:58:09.050374 tick, direction = up
2025/09/22 05:58:09.175556 tick, direction = up
2025/09/22 05:58:09.299839 tick, direction = up
2025/09/22 05:58:09.425441 tick, direction = up
2025/09/22 05:58:09.549684 tick, direction = up
2025/09/22 05:58:09.675208 tick, direction = up
2025/09/22 05:58:09.800274 tick, direction = up
2025/09/22 05:58:09.925689 tick, direction = up
2025/09/22 05:58:10.050392 tick, direction = up
2025/09/22 05:58:10.175948 tick, direction = up
2025/09/22 05:58:10.300253 tick, direction = up
2025/09/22 05:58:10.425875 tick, direction = up
2025/09/22 05:58:10.549940 tick, direction = up
2025/09/22 05:58:10.675340 tick, direction = up
2025/09/22 05:58:10.800335 tick, direction = up
2025/09/22 05:58:10.924886 tick, direction = up
2025/09/22 05:58:11.049987 tick, direction = up
2025/09/22 05:58:11.174998 tick, direction = up
2025/09/22 05:58:11.300150 tick, direction = up
2025/09/22 05:58:11.424675 tick, direction = up
2025/09/22 05:58:11.550472 tick, direction = up
2025/09/22 05:58:11.675351 tick, direction = up
2025/09/22 05:58:11.800121 tick, direction = up
2025/09/22 05:58:11.924779 tick, direction = up
2025/09/22 05:58:12.049753 tick, direction = up
2025/09/22 05:58:12.175359 tick, direction = up
2025/09/22 05:58:12.303278 tick, direction = up
2025/09/22 05:58:12.425303 tick, direction = up
2025/09/22 05:58:12.550423 tick, direction = up
2025/09/22 05:58:12.674800 tick, direction = up
2025/09/22 05:58:12.800334 tick, direction = up
2025/09/22 05:58:12.925258 tick, direction = up
2025/09/22 05:58:13.049927 tick, direction = up
2025/09/22 05:58:13.175540 tick, direction = up
2025/09/22 05:58:13.300347 tick, direction = up
2025/09/22 05:58:13.425800 tick, direction = up
2025/09/22 05:58:13.549820 tick, direction = up
2025/09/22 05:58:13.675447 tick, direction = up
2025/09/22 05:58:13.800399 tick, direction = up
2025/09/22 05:58:13.925880 tick, direction = up
2025/09/22 05:58:14.050685 tick, direction = up
2025/09/22 05:58:14.174904 tick, direction = up
2025/09/22 05:58:14.300681 tick, direction = up
2025/09/22 05:58:14.425013 tick, direction = up
2025/09/22 05:58:14.550845 tick, direction = up
2025/09/22 05:58:14.674796 tick, direction = up
2025/09/22 05:58:14.801040 tick, direction = up
2025/09/22 05:58:14.924725 tick, direction = up
2025/09/22 05:58:15.050451 tick, direction = down
2025/09/22 05:58:15.175671 tick, direction = down
2025/09/22 05:58:15.300124 tick, direction = down
2025/09/22 05:58:15.425086 tick, direction = down
2025/09/22 05:58:15.549717 tick, direction = down
2025/09/22 05:58:15.675627 tick, direction = down
2025/09/22 05:58:15.799722 tick, direction = down
2025/09/22 05:58:15.924800 tick, direction = right
2025/09/22 05:58:16.050241 tick, direction = right
2025/09/22 05:58:16.174971 tick, direction = right
2025/09/22 05:58:16.299801 tick, direction = right
2025/09/22 05:58:16.424766 tick, direction = right
2025/09/22 05:58:16.550504 tick, direction = left
2025/09/22 05:58:16.678051 tick, direction = left
2025/09/22 05:58:16.799775 tick, direction = left
2025/09/22 05:58:16.925285 tick, direction = left
2025/09/22 05:58:17.050592 tick, direction = up
2025/09/22 05:58:17.175281 tick, direction = up
2025/09/22 05:58:17.300692 tick, direction = up
2025/09/22 05:58:17.425407 tick, direction = down
2025/09/22 05:58:17.550688 tick, direction = down
2025/09/22 05:58:17.675464 tick, direction = down
2025/09/22 05:58:17.800388 tick, direction = down
2025/09/22 05:58:17.925341 tick, direction = down
2025/09/22 05:58:18.050597 tick, direction = right
2025/09/22 05:58:18.175721 tick, direction = right
2025/09/22 05:58:18.300048 tick, direction = right
2025/09/22 05:58:18.425818 tick, direction = down
2025/09/22 05:58:18.550549 tick, direction = left
2025/09/22 05:58:18.675055 tick, direction = left
2025/09/22 05:58:18.800674 tick, direction = left
2025/09/22 05:58:18.924979 tick, direction = up
2025/09/22 05:58:19.050466 tick, direction = right
2025/09/22 05:58:19.174876 tick, direction = right
2025/09/22 05:58:19.300136 tick, direction = down
2025/09/22 05:58:19.426327 tick, direction = left
2025/09/22 05:58:19.550366 tick, direction = left
2025/09/22 05:58:19.674989 tick, direction = right
2025/09/22 05:58:19.800548 tick, direction = right
2025/09/22 05:58:19.924812 tick, direction = up
2025/09/22 05:58:20.050049 tick, direction = up
2025/09/22 05:58:20.175822 tick, direction = left
2025/09/22 05:58:20.299996 tick, direction = left
2025/09/22 05:58:20.424704 tick, direction = left
2025/09/22 05:58:20.550073 tick, direction = down
2025/09/22 05:58:20.675022 tick, direction = down
2025/09/22 05:58:20.800055 tick, direction = right
2025/09/22 05:58:20.925703 tick, direction = right
2025/09/22 05:58:21.049783 tick, direction = up
2025/09/22 05:58:21.174767 tick, direction = up
2025/09/22 05:58:21.300405 tick, direction = up
2025/09/22 05:58:21.427315 tick, direction = up
2025/09/22 05:58:21.551177 tick, direction = up
2025/09/22 05:58:21.675893 tick, direction = up
2025/09/22 05:58:21.800276 tick, direction = up
2025/09/22 05:58:21.925243 tick, direction = up
2025/09/22 05:58:22.050891 tick, direction = up
2025/09/22 05:58:22.175263 tick, direction = up
2025/09/22 05:58:22.300743 tick, direction = up
2025/09/22 05:58:22.424762 tick, direction = up
2025/09/22 05:58:22.555357 tick, direction = up
2025/09/22 05:58:22.675515 tick, direction = up
2025/09/22 05:58:22.800043 tick, direction = up
2025/09/22 05:58:22.925034 tick, direction = up
2025/09/22 05:58:23.049892 tick, direction = up
2025/09/22 05:58:23.175562 tick, direction = up
2025/09/22 05:58:23.237993 Ok lady, I love you buhbye!
